Time resolution is 1 ps
------------------------------------------------------------------
   ALU TESTBENCH START - CHECKING ALL OPS                         
------------------------------------------------------------------
 Time | Opcode |  A  |  B  | Result | Res_Hi | Z N C V E | Operation
------+--------+-----+-----+--------+--------+-----------+----------
                10000 |  0000  |  10 |  20 |    30  |     0  | 0 0 0 0 0 |                   ADD (Normal)
                20000 |  0000  | 127 |   1 |   128  |     0  | 0 1 0 1 0 |           ADD (Overflow Check)
                30000 |  0001  |  50 |  20 |    30  |     0  | 0 0 0 0 0 |                   SUB (Normal)
                40000 |  0010  |  10 |  10 |   100  |     0  | 0 0 0 0 0 |                   MUL (Normal)
                50000 |  0010  | 100 |  10 |   232  |     3  | 0 1 0 1 0 |          MUL (High Byte Check)
                60000 |  0011  | 100 |   2 |    50  |     0  | 0 0 0 0 0 |                   DIV (Normal)
                70000 |  0011  |  50 |   0 |     0  |     0  | 1 0 0 0 1 |         DIV (Zero Error Check)
                80000 |  0100  | 240 | 170 |   160  |     0  | 0 1 0 0 0 |                      AND Logic
                90000 |  1011  |  10 |  10 |     0  |     0  | 1 0 0 0 0 |              CMP (Equal Check)
               100000 |  1011  |  10 |  20 |   246  |     0  | 0 1 1 0 0 |          CMP (Less Than Check)
------------------------------------------------------------------
           TEST COMPLETE                                     
------------------------------------------------------------------
$finish called at time : 100 ns : File "C:/VLSI/Processor_JK_8BIT/Processor_JK_8BIT.srcs/sim_1/new/tb_alu.v" Line 109
